2025-01-02 17:24:12,235 - __main__ - INFO - åº”ç”¨å¯åŠ¨
2025-01-02 17:24:12,262 - werkzeug - WARNING -  * Debugger is active!
2025-01-02 17:24:12,273 - werkzeug - INFO -  * Debugger PIN: 653-864-938
2025-01-02 17:24:16,672 - __main__ - INFO - è®¿é—®ä¸»é¡µ
2025-01-02 17:24:16,689 - werkzeug - INFO - 127.0.0.1 - - [02/Jan/2025 17:24:16] "GET / HTTP/1.1" 200 -
2025-01-02 17:24:23,381 - __main__ - INFO - æ”¶åˆ°æ–°è¯·æ±‚ - æ¶ˆæ¯: å®‰æ’ä¼šè®®, å‚ä¸è€…: []
2025-01-02 17:24:23,382 - agents.StrategyAgent - INFO - å¼€å§‹æ‰§è¡Œç­–ç•¥ - è¾“å…¥: å®‰æ’ä¼šè®®
2025-01-02 17:24:27,083 - agents.StrategyAgent - INFO - ç”Ÿæˆç­–ç•¥: å½“ç„¶å¯ä»¥ï¼Œæˆ‘éå¸¸ä¹æ„å¸®åŠ©æ‚¨å®‰æ’ä¼šè®®ã€‚ä¸ºäº†æ›´å¥½åœ°æœåŠ¡å’Œè®¾ç½®ï¼Œæ–¹ä¾¿å‘Šè¯‰æˆ‘ä»¥ä¸‹ä¿¡æ¯å—ï¼Ÿ

1. æ‚¨å–œæ¬¢çš„ä¼šè®®æ—¥æœŸå’Œæ—¶é—´ï¼Ÿ
2. éœ€è¦å‚åŠ ä¼šè®®çš„äººå‘˜ï¼Ÿ
3. ä¼šè®®åœ¨å“ªé‡Œä¸¾è¡Œï¼Œæˆ–è€…æ˜¯çº¿ä¸Šä¼šè®®å—ï¼Ÿ
4. ä¼šè®®çš„ä¸»é¢˜æˆ–è®®ç¨‹ï¼Ÿ
2025-01-02 17:24:27,084 - agents.StrategyAgent - INFO - éœ€è¦ç¡®è®¤æ—¶é—´ï¼Œå¼€å§‹æ”¶é›†ç¡®è®¤
2025-01-02 17:24:27,084 - agents.StrategyAgent - INFO - æ”¶åˆ°ç¡®è®¤ç»“æœ: []
2025-01-02 17:24:27,084 - agents.NotificationAgent - INFO - NotificationAgent è°ƒç”¨ OpenAI - æç¤º: ä½ æ˜¯ä¸€ä¸ªé€šçŸ¥åŠ©æ‰‹ï¼Œè´Ÿè´£é€šçŸ¥å‚ä¸è€…ä¼šè®®å®‰æ’ã€‚ é€šçŸ¥ä»¥ä¸‹å‚ä¸è€…ä¼šè®®å®‰æ’ï¼š[]ï¼Œè¯¦æƒ…ï¼š{'type': 'schedule', 'confirmations': []}
2025-01-02 17:24:36,453 - agents.NotificationAgent - INFO - NotificationAgent æ”¶åˆ°å“åº”: äº²çˆ±çš„å‚ä¸è€…ä»¬ï¼Œ

è¿™æ˜¯å…³äºæˆ‘ä»¬å³å°†å¬å¼€çš„ä¼šè®®çš„é¢„å®šé€šçŸ¥ã€‚ç›®å‰ï¼Œå…·ä½“çš„å‚ä¸è€…åå•å°šæœªç¡®å®šï¼Œä½†æˆ‘ä»¬å°†åœ¨å°½å¿«ç¡®ç«‹ä¹‹ååŠæ—¶é€šçŸ¥ä½ ä»¬ã€‚

ä¼šè®®ç±»å‹ï¼šé¢„å®š

ç›®å‰ï¼Œä¼šè®®çš„ç¡®è®¤å‚ä¸è€…å°šæœªç¡®å®šã€‚è¯·åœ¨æ”¶åˆ°ä¼šè®®å…·ä½“æ—¶é—´ï¼Œåœ°ç‚¹ç­‰ä¿¡æ¯åï¼Œå°½å¿«å›å¤æ˜¯å¦èƒ½å‚åŠ ä¼šè®®ï¼Œä»¥ä¾¿æˆ‘ä»¬åšè¿›ä¸€æ­¥çš„å®‰æ’ã€‚

å¤§å®¶çš„ç§¯æå‚ä¸å¯¹æˆ‘ä»¬çš„ä¼šè®®è®¡åˆ’æœ‰ç€é‡å¤§çš„å½±å“ï¼Œæ•¬è¯·ç›¸å…³äººå‘˜å±Šæ—¶ç¡®è®¤å¹¶å‡ºå¸­ã€‚

è°¢è°¢ã€‚

æœ€åï¼Œå¦‚æœä»»ä½•äººéœ€è¦æ›´æ”¹æˆ–è®¨è®ºä¼šè®®å®‰æ’ï¼Œè¯·éšæ—¶ä¸æˆ‘è”ç³»ã€‚

æœŸå¾…ä½ ä»¬çš„ç§¯æå›å¤å¹¶å‚ä¸æ­¤æ¬¡ä¼šè®®ã€‚

ç¥å¥½ï¼Œ
é€šçŸ¥åŠ©æ‰‹
2025-01-02 17:24:36,454 - __main__ - INFO - å¤„ç†å®Œæˆ - ç»“æœ: å½“ç„¶å¯ä»¥ï¼Œæˆ‘éå¸¸ä¹æ„å¸®åŠ©æ‚¨å®‰æ’ä¼šè®®ã€‚ä¸ºäº†æ›´å¥½åœ°æœåŠ¡å’Œè®¾ç½®ï¼Œæ–¹ä¾¿å‘Šè¯‰æˆ‘ä»¥ä¸‹ä¿¡æ¯å—ï¼Ÿ

1. æ‚¨å–œæ¬¢çš„ä¼šè®®æ—¥æœŸå’Œæ—¶é—´ï¼Ÿ
2. éœ€è¦å‚åŠ ä¼šè®®çš„äººå‘˜ï¼Ÿ
3. ä¼šè®®åœ¨å“ªé‡Œä¸¾è¡Œï¼Œæˆ–è€…æ˜¯çº¿ä¸Šä¼šè®®å—ï¼Ÿ
4. ä¼šè®®çš„ä¸»é¢˜æˆ–è®®ç¨‹ï¼Ÿ
2025-01-02 17:24:36,454 - werkzeug - INFO - 127.0.0.1 - - [02/Jan/2025 17:24:36] "POST /api/schedule HTTP/1.1" 200 -
2025-01-02 17:25:30,698 - __main__ - INFO - è®¿é—®ä¸»é¡µ
2025-01-02 17:25:30,706 - werkzeug - INFO - 127.0.0.1 - - [02/Jan/2025 17:25:30] "GET / HTTP/1.1" 200 -
2025-01-02 17:25:38,727 - __main__ - INFO - æ”¶åˆ°æ–°è¯·æ±‚ - æ¶ˆæ¯: å®‰æ’ä¼šè®®, å‚ä¸è€…: []
2025-01-02 17:25:38,727 - agents.StrategyAgent - INFO - å¼€å§‹æ‰§è¡Œç­–ç•¥ - è¾“å…¥: å®‰æ’ä¼šè®®
2025-01-02 17:25:54,397 - agents.StrategyAgent - INFO - ç”Ÿæˆç­–ç•¥: å½“ç„¶å¯ä»¥ï¼Œä¸ºäº†å¸®åŠ©æ‚¨æ›´å¥½åœ°å®‰æ’è¿™æ¬¡ä¼šè®®ï¼Œæˆ‘éœ€è¦ä¸€äº›é¢å¤–çš„ä¿¡æ¯ï¼š

1. ä¼šè®®çš„æ—¥æœŸå’Œæ—¶é—´ï¼›
2. å‚ä¼šè€…æ˜¯è°ï¼Œéœ€è¦æˆ‘æ˜¯å‘é€é‚®ä»¶ç»™ä»–ä»¬å—ï¼Ÿ
3. ä¼šè®®çš„ä¸»é¢˜æ˜¯ä»€ä¹ˆï¼Ÿ
4. ä¼šè®®å°†åœ¨å“ªé‡Œä¸¾è¡Œï¼Ÿåœ¨çº¿è¿˜æ˜¯å®ä½“ä¼šè®®å®¤ï¼Ÿ
5. æ˜¯å¦éœ€è¦å‡†å¤‡ä¼šè®®ææ–™ï¼Ÿ
2025-01-02 17:25:54,397 - __main__ - INFO - å¤„ç†å®Œæˆ - ç»“æœ: å½“ç„¶å¯ä»¥ï¼Œä¸ºäº†å¸®åŠ©æ‚¨æ›´å¥½åœ°å®‰æ’è¿™æ¬¡ä¼šè®®ï¼Œæˆ‘éœ€è¦ä¸€äº›é¢å¤–çš„ä¿¡æ¯ï¼š

1. ä¼šè®®çš„æ—¥æœŸå’Œæ—¶é—´ï¼›
2. å‚ä¼šè€…æ˜¯è°ï¼Œéœ€è¦æˆ‘æ˜¯å‘é€é‚®ä»¶ç»™ä»–ä»¬å—ï¼Ÿ
3. ä¼šè®®çš„ä¸»é¢˜æ˜¯ä»€ä¹ˆï¼Ÿ
4. ä¼šè®®å°†åœ¨å“ªé‡Œä¸¾è¡Œï¼Ÿåœ¨çº¿è¿˜æ˜¯å®ä½“ä¼šè®®å®¤ï¼Ÿ
5. æ˜¯å¦éœ€è¦å‡†å¤‡ä¼šè®®ææ–™ï¼Ÿ
2025-01-02 17:25:54,398 - werkzeug - INFO - 127.0.0.1 - - [02/Jan/2025 17:25:54] "POST /api/schedule HTTP/1.1" 200 -
2025-01-02 17:42:27,953 - werkzeug - INFO -  * Detected change in '/Users/xiaoyang/Desktop/TimelyAI/agents.py', reloading
2025-01-02 17:42:28,439 - __main__ - INFO - åº”ç”¨å¯åŠ¨
2025-01-02 17:42:28,459 - werkzeug - WARNING -  * Debugger is active!
2025-01-02 17:42:28,466 - werkzeug - INFO -  * Debugger PIN: 653-864-938
2025-01-02 17:42:33,844 - __main__ - INFO - è®¿é—®ä¸»é¡µ
2025-01-02 17:42:33,858 - werkzeug - INFO - 127.0.0.1 - - [02/Jan/2025 17:42:33] "GET / HTTP/1.1" 200 -
2025-01-02 17:44:56,022 - __main__ - INFO - æ”¶åˆ°æ–°è¯·æ±‚ - æ¶ˆæ¯: å®‰æ’æ–°å›å¿†, å‚ä¸è€…: []
2025-01-02 17:44:56,023 - agents.StrategyAgent - INFO - å¼€å§‹æ‰§è¡Œç­–ç•¥ - è¾“å…¥: å®‰æ’æ–°å›å¿†
2025-01-02 17:45:00,273 - agents.StrategyAgent - INFO - ç”Ÿæˆç­–ç•¥: å½“ç„¶å¯ä»¥ï¼Œæˆ‘å¾ˆé«˜å…´ä¸ºæ‚¨å®‰æ’æ–°çš„ä¼šè®®ã€‚ä½†é¦–å…ˆï¼Œæˆ‘éœ€è¦ä»¥ä¸‹ä¸€äº›è¯¦ç»†ä¿¡æ¯ï¼š
1. ä¼šè®®çš„æ—¥æœŸå’Œæ—¶é—´æ˜¯ä»€ä¹ˆï¼Ÿ
2. ä¼šè®®çš„ä¸»é¢˜æ˜¯ä»€ä¹ˆï¼Ÿ
3. éœ€è¦é‚€è¯·å“ªäº›å‚ä¸è€…ï¼Ÿ
4. æ˜¯å¦éœ€è¦å®šåˆ¶ç‰¹æ®Šçš„ä¼šè®®ç¼–æ’ï¼Ÿ

è¯·æä¾›ä»¥ä¸Šä¿¡æ¯ï¼Œæˆ‘å°†æ ¹æ®æ‚¨çš„æŒ‡ç¤ºå®‰æ’ä¼šè®®ã€‚
2025-01-02 17:45:00,273 - agents.StrategyAgent - INFO - éœ€è¦ç¡®è®¤æ—¶é—´ï¼Œå¼€å§‹æ”¶é›†ç¡®è®¤
2025-01-02 17:45:00,273 - agents.StrategyAgent - INFO - æ”¶åˆ°ç¡®è®¤ç»“æœ: []
2025-01-02 17:45:00,273 - agents.NotificationAgent - INFO - NotificationAgent è°ƒç”¨ OpenAI - æç¤º: ä½ æ˜¯ä¸€ä¸ªé€šçŸ¥åŠ©æ‰‹ï¼Œè´Ÿè´£é€šçŸ¥å‚ä¸è€…ä¼šè®®å®‰æ’ã€‚ é€šçŸ¥ä»¥ä¸‹å‚ä¸è€…ä¼šè®®å®‰æ’ï¼š[]ï¼Œè¯¦æƒ…ï¼š{'type': 'schedule', 'confirmations': []}
2025-01-02 17:45:04,035 - agents.NotificationAgent - INFO - NotificationAgent æ”¶åˆ°å“åº”: å°Šæ•¬çš„å‚ä¼šäººå‘˜ï¼Œ

æˆ‘æ˜¯æ‚¨çš„é€šçŸ¥åŠ©æ‰‹ã€‚æˆ‘æƒ³é€šçŸ¥æ‚¨å…³äºå³å°†è¿›è¡Œçš„ä¼šè®®çš„ä¸€äº›ä¿¡æ¯ã€‚

ä¼šè®®å½¢å¼: è®¡åˆ’çš„æ—¥ç¨‹ä¼šè®®

è¯·æ³¨æ„ï¼Œç›®å‰æˆ‘ä»¬è¿˜æœªæ”¶åˆ°ä»»ä½•çš„ç¡®è®¤ä¿¡æ¯ã€‚

æ›´å¤šçš„ç»†èŠ‚å°†ä¼šåœ¨æ¥ä¸‹æ¥çš„æ—¶é—´é‡Œæ›´æ–°ã€‚è¯·ä¿æŒå…³æ³¨ã€‚

æœŸå¾…æ‚¨çš„å‡ºå¸­ã€‚

è°¢è°¢,
æ‚¨çš„é€šçŸ¥åŠ©æ‰‹
2025-01-02 17:45:04,036 - __main__ - INFO - å¤„ç†å®Œæˆ - ç»“æœ: å½“ç„¶å¯ä»¥ï¼Œæˆ‘å¾ˆé«˜å…´ä¸ºæ‚¨å®‰æ’æ–°çš„ä¼šè®®ã€‚ä½†é¦–å…ˆï¼Œæˆ‘éœ€è¦ä»¥ä¸‹ä¸€äº›è¯¦ç»†ä¿¡æ¯ï¼š
1. ä¼šè®®çš„æ—¥æœŸå’Œæ—¶é—´æ˜¯ä»€ä¹ˆï¼Ÿ
2. ä¼šè®®çš„ä¸»é¢˜æ˜¯ä»€ä¹ˆï¼Ÿ
3. éœ€è¦é‚€è¯·å“ªäº›å‚ä¸è€…ï¼Ÿ
4. æ˜¯å¦éœ€è¦å®šåˆ¶ç‰¹æ®Šçš„ä¼šè®®ç¼–æ’ï¼Ÿ

è¯·æä¾›ä»¥ä¸Šä¿¡æ¯ï¼Œæˆ‘å°†æ ¹æ®æ‚¨çš„æŒ‡ç¤ºå®‰æ’ä¼šè®®ã€‚
2025-01-02 17:45:04,039 - werkzeug - INFO - 127.0.0.1 - - [02/Jan/2025 17:45:04] "POST /api/schedule HTTP/1.1" 200 -
2025-01-02 17:45:47,842 - __main__ - INFO - æ”¶åˆ°æ–°è¯·æ±‚ - æ¶ˆæ¯: ä¸‹å‘¨äº”ä¸‰ç‚¹ï¼Œå¹´ç»ˆæ€»ç»“ï¼Œå¼ ä¸‰å’Œæå››ï¼Œæ²¡æœ‰ç‰¹æ®Šè¦æ±‚, å‚ä¸è€…: []
2025-01-02 17:45:47,842 - agents.StrategyAgent - INFO - å¼€å§‹æ‰§è¡Œç­–ç•¥ - è¾“å…¥: ä¸‹å‘¨äº”ä¸‰ç‚¹ï¼Œå¹´ç»ˆæ€»ç»“ï¼Œå¼ ä¸‰å’Œæå››ï¼Œæ²¡æœ‰ç‰¹æ®Šè¦æ±‚
2025-01-02 17:45:50,994 - agents.StrategyAgent - ERROR - ç­–ç•¥æ‰§è¡Œå‡ºé”™: Error communicating with OpenAI: ('Connection aborted.', ConnectionResetError(54, 'Connection reset by peer'))
Traceback (most recent call last):
  File "/Users/xiaoyang/Library/Python/3.9/lib/python/site-packages/urllib3/connectionpool.py", line 773, in urlopen
    self._prepare_proxy(conn)
  File "/Users/xiaoyang/Library/Python/3.9/lib/python/site-packages/urllib3/connectionpool.py", line 1042, in _prepare_proxy
    conn.connect()
  File "/Users/xiaoyang/Library/Python/3.9/lib/python/site-packages/urllib3/connection.py", line 741, in connect
    sock_and_verified = _ssl_wrap_socket_and_match_hostname(
  File "/Users/xiaoyang/Library/Python/3.9/lib/python/site-packages/urllib3/connection.py", line 920, in _ssl_wrap_socket_and_match_hostname
    ssl_sock = ssl_wrap_socket(
  File "/Users/xiaoyang/Library/Python/3.9/lib/python/site-packages/urllib3/util/ssl_.py", line 460, in ssl_wrap_socket
    ssl_sock = _ssl_wrap_socket_impl(sock, context, tls_in_tls, server_hostname)
  File "/Users/xiaoyang/Library/Python/3.9/lib/python/site-packages/urllib3/util/ssl_.py", line 504, in _ssl_wrap_socket_impl
    return ssl_context.wrap_socket(sock, server_hostname=server_hostname)
  File "/Library/Developer/CommandLineTools/Library/Frameworks/Python3.framework/Versions/3.9/lib/python3.9/ssl.py", line 500, in wrap_socket
    return self.sslsocket_class._create(
  File "/Library/Developer/CommandLineTools/Library/Frameworks/Python3.framework/Versions/3.9/lib/python3.9/ssl.py", line 1040, in _create
    self.do_handshake()
  File "/Library/Developer/CommandLineTools/Library/Frameworks/Python3.framework/Versions/3.9/lib/python3.9/ssl.py", line 1309, in do_handshake
    self._sslobj.do_handshake()
ConnectionResetError: [Errno 54] Connection reset by peer

During handling of the above exception, another exception occurred:

Traceback (most recent call last):
  File "/Users/xiaoyang/Library/Python/3.9/lib/python/site-packages/requests/adapters.py", line 667, in send
    resp = conn.urlopen(
  File "/Users/xiaoyang/Library/Python/3.9/lib/python/site-packages/urllib3/connectionpool.py", line 841, in urlopen
    retries = retries.increment(
  File "/Users/xiaoyang/Library/Python/3.9/lib/python/site-packages/urllib3/util/retry.py", line 474, in increment
    raise reraise(type(error), error, _stacktrace)
  File "/Users/xiaoyang/Library/Python/3.9/lib/python/site-packages/urllib3/util/util.py", line 38, in reraise
    raise value.with_traceback(tb)
  File "/Users/xiaoyang/Library/Python/3.9/lib/python/site-packages/urllib3/connectionpool.py", line 773, in urlopen
    self._prepare_proxy(conn)
  File "/Users/xiaoyang/Library/Python/3.9/lib/python/site-packages/urllib3/connectionpool.py", line 1042, in _prepare_proxy
    conn.connect()
  File "/Users/xiaoyang/Library/Python/3.9/lib/python/site-packages/urllib3/connection.py", line 741, in connect
    sock_and_verified = _ssl_wrap_socket_and_match_hostname(
  File "/Users/xiaoyang/Library/Python/3.9/lib/python/site-packages/urllib3/connection.py", line 920, in _ssl_wrap_socket_and_match_hostname
    ssl_sock = ssl_wrap_socket(
  File "/Users/xiaoyang/Library/Python/3.9/lib/python/site-packages/urllib3/util/ssl_.py", line 460, in ssl_wrap_socket
    ssl_sock = _ssl_wrap_socket_impl(sock, context, tls_in_tls, server_hostname)
  File "/Users/xiaoyang/Library/Python/3.9/lib/python/site-packages/urllib3/util/ssl_.py", line 504, in _ssl_wrap_socket_impl
    return ssl_context.wrap_socket(sock, server_hostname=server_hostname)
  File "/Library/Developer/CommandLineTools/Library/Frameworks/Python3.framework/Versions/3.9/lib/python3.9/ssl.py", line 500, in wrap_socket
    return self.sslsocket_class._create(
  File "/Library/Developer/CommandLineTools/Library/Frameworks/Python3.framework/Versions/3.9/lib/python3.9/ssl.py", line 1040, in _create
    self.do_handshake()
  File "/Library/Developer/CommandLineTools/Library/Frameworks/Python3.framework/Versions/3.9/lib/python3.9/ssl.py", line 1309, in do_handshake
    self._sslobj.do_handshake()
urllib3.exceptions.ProtocolError: ('Connection aborted.', ConnectionResetError(54, 'Connection reset by peer'))

During handling of the above exception, another exception occurred:

Traceback (most recent call last):
  File "/Users/xiaoyang/Library/Python/3.9/lib/python/site-packages/openai/api_requestor.py", line 596, in request_raw
    result = _thread_context.session.request(
  File "/Users/xiaoyang/Library/Python/3.9/lib/python/site-packages/requests/sessions.py", line 589, in request
    resp = self.send(prep, **send_kwargs)
  File "/Users/xiaoyang/Library/Python/3.9/lib/python/site-packages/requests/sessions.py", line 703, in send
    r = adapter.send(request, **kwargs)
  File "/Users/xiaoyang/Library/Python/3.9/lib/python/site-packages/requests/adapters.py", line 682, in send
    raise ConnectionError(err, request=request)
requests.exceptions.ConnectionError: ('Connection aborted.', ConnectionResetError(54, 'Connection reset by peer'))

The above exception was the direct cause of the following exception:

Traceback (most recent call last):
  File "/Users/xiaoyang/Desktop/TimelyAI/agents.py", line 132, in execute_strategy
    response = openai.ChatCompletion.create(
  File "/Users/xiaoyang/Library/Python/3.9/lib/python/site-packages/openai/api_resources/chat_completion.py", line 25, in create
    return super().create(*args, **kwargs)
  File "/Users/xiaoyang/Library/Python/3.9/lib/python/site-packages/openai/api_resources/abstract/engine_api_resource.py", line 153, in create
    response, _, api_key = requestor.request(
  File "/Users/xiaoyang/Library/Python/3.9/lib/python/site-packages/openai/api_requestor.py", line 288, in request
    result = self.request_raw(
  File "/Users/xiaoyang/Library/Python/3.9/lib/python/site-packages/openai/api_requestor.py", line 609, in request_raw
    raise error.APIConnectionError(
openai.error.APIConnectionError: Error communicating with OpenAI: ('Connection aborted.', ConnectionResetError(54, 'Connection reset by peer'))
2025-01-02 17:45:51,005 - __main__ - INFO - å¤„ç†å®Œæˆ - ç»“æœ: ç­–ç•¥æ‰§è¡Œå‡ºé”™
2025-01-02 17:45:51,005 - werkzeug - INFO - 127.0.0.1 - - [02/Jan/2025 17:45:51] "POST /api/schedule HTTP/1.1" 200 -
2025-01-02 17:46:54,395 - werkzeug - INFO -  * Detected change in '/Users/xiaoyang/Desktop/TimelyAI/agents.py', reloading
2025-01-02 17:48:01,803 - __main__ - INFO - åº”ç”¨å¯åŠ¨
2025-01-02 17:48:01,836 - werkzeug - INFO - [31m[1mWARNING: This is a development server. Do not use it in a production deployment. Use a production WSGI server instead.[0m
 * Running on http://127.0.0.1:8000
2025-01-02 17:48:01,836 - werkzeug - INFO - [33mPress CTRL+C to quit[0m
2025-01-02 17:48:01,837 - werkzeug - INFO -  * Restarting with stat
2025-01-02 17:48:02,038 - __main__ - INFO - åº”ç”¨å¯åŠ¨
2025-01-02 17:48:02,055 - werkzeug - WARNING -  * Debugger is active!
2025-01-02 17:48:02,066 - werkzeug - INFO -  * Debugger PIN: 653-864-938
2025-01-02 17:48:06,743 - __main__ - INFO - è®¿é—®ä¸»é¡µ
2025-01-02 17:48:06,747 - werkzeug - INFO - 127.0.0.1 - - [02/Jan/2025 17:48:06] "GET / HTTP/1.1" 200 -
2025-01-02 17:48:14,408 - __main__ - INFO - æ”¶åˆ°æ–°è¯·æ±‚ - æ¶ˆæ¯: å®‰æ’æ–°å›å¿†, å‚ä¸è€…: []
2025-01-02 17:48:14,408 - agents.StrategyAgent - INFO - å¼€å§‹æ‰§è¡Œç­–ç•¥ - è¾“å…¥: å®‰æ’æ–°å›å¿†
2025-01-02 17:48:17,669 - agents.StrategyAgent - ERROR - ç­–ç•¥æ‰§è¡Œå‡ºé”™: Error communicating with OpenAI: ('Connection aborted.', ConnectionResetError(54, 'Connection reset by peer'))
Traceback (most recent call last):
  File "/Users/xiaoyang/Library/Python/3.9/lib/python/site-packages/urllib3/connectionpool.py", line 773, in urlopen
    self._prepare_proxy(conn)
  File "/Users/xiaoyang/Library/Python/3.9/lib/python/site-packages/urllib3/connectionpool.py", line 1042, in _prepare_proxy
    conn.connect()
  File "/Users/xiaoyang/Library/Python/3.9/lib/python/site-packages/urllib3/connection.py", line 741, in connect
    sock_and_verified = _ssl_wrap_socket_and_match_hostname(
  File "/Users/xiaoyang/Library/Python/3.9/lib/python/site-packages/urllib3/connection.py", line 920, in _ssl_wrap_socket_and_match_hostname
    ssl_sock = ssl_wrap_socket(
  File "/Users/xiaoyang/Library/Python/3.9/lib/python/site-packages/urllib3/util/ssl_.py", line 460, in ssl_wrap_socket
    ssl_sock = _ssl_wrap_socket_impl(sock, context, tls_in_tls, server_hostname)
  File "/Users/xiaoyang/Library/Python/3.9/lib/python/site-packages/urllib3/util/ssl_.py", line 504, in _ssl_wrap_socket_impl
    return ssl_context.wrap_socket(sock, server_hostname=server_hostname)
  File "/Library/Developer/CommandLineTools/Library/Frameworks/Python3.framework/Versions/3.9/lib/python3.9/ssl.py", line 500, in wrap_socket
    return self.sslsocket_class._create(
  File "/Library/Developer/CommandLineTools/Library/Frameworks/Python3.framework/Versions/3.9/lib/python3.9/ssl.py", line 1040, in _create
    self.do_handshake()
  File "/Library/Developer/CommandLineTools/Library/Frameworks/Python3.framework/Versions/3.9/lib/python3.9/ssl.py", line 1309, in do_handshake
    self._sslobj.do_handshake()
ConnectionResetError: [Errno 54] Connection reset by peer

During handling of the above exception, another exception occurred:

Traceback (most recent call last):
  File "/Users/xiaoyang/Library/Python/3.9/lib/python/site-packages/requests/adapters.py", line 667, in send
    resp = conn.urlopen(
  File "/Users/xiaoyang/Library/Python/3.9/lib/python/site-packages/urllib3/connectionpool.py", line 841, in urlopen
    retries = retries.increment(
  File "/Users/xiaoyang/Library/Python/3.9/lib/python/site-packages/urllib3/util/retry.py", line 474, in increment
    raise reraise(type(error), error, _stacktrace)
  File "/Users/xiaoyang/Library/Python/3.9/lib/python/site-packages/urllib3/util/util.py", line 38, in reraise
    raise value.with_traceback(tb)
  File "/Users/xiaoyang/Library/Python/3.9/lib/python/site-packages/urllib3/connectionpool.py", line 773, in urlopen
    self._prepare_proxy(conn)
  File "/Users/xiaoyang/Library/Python/3.9/lib/python/site-packages/urllib3/connectionpool.py", line 1042, in _prepare_proxy
    conn.connect()
  File "/Users/xiaoyang/Library/Python/3.9/lib/python/site-packages/urllib3/connection.py", line 741, in connect
    sock_and_verified = _ssl_wrap_socket_and_match_hostname(
  File "/Users/xiaoyang/Library/Python/3.9/lib/python/site-packages/urllib3/connection.py", line 920, in _ssl_wrap_socket_and_match_hostname
    ssl_sock = ssl_wrap_socket(
  File "/Users/xiaoyang/Library/Python/3.9/lib/python/site-packages/urllib3/util/ssl_.py", line 460, in ssl_wrap_socket
    ssl_sock = _ssl_wrap_socket_impl(sock, context, tls_in_tls, server_hostname)
  File "/Users/xiaoyang/Library/Python/3.9/lib/python/site-packages/urllib3/util/ssl_.py", line 504, in _ssl_wrap_socket_impl
    return ssl_context.wrap_socket(sock, server_hostname=server_hostname)
  File "/Library/Developer/CommandLineTools/Library/Frameworks/Python3.framework/Versions/3.9/lib/python3.9/ssl.py", line 500, in wrap_socket
    return self.sslsocket_class._create(
  File "/Library/Developer/CommandLineTools/Library/Frameworks/Python3.framework/Versions/3.9/lib/python3.9/ssl.py", line 1040, in _create
    self.do_handshake()
  File "/Library/Developer/CommandLineTools/Library/Frameworks/Python3.framework/Versions/3.9/lib/python3.9/ssl.py", line 1309, in do_handshake
    self._sslobj.do_handshake()
urllib3.exceptions.ProtocolError: ('Connection aborted.', ConnectionResetError(54, 'Connection reset by peer'))

During handling of the above exception, another exception occurred:

Traceback (most recent call last):
  File "/Users/xiaoyang/Library/Python/3.9/lib/python/site-packages/openai/api_requestor.py", line 596, in request_raw
    result = _thread_context.session.request(
  File "/Users/xiaoyang/Library/Python/3.9/lib/python/site-packages/requests/sessions.py", line 589, in request
    resp = self.send(prep, **send_kwargs)
  File "/Users/xiaoyang/Library/Python/3.9/lib/python/site-packages/requests/sessions.py", line 703, in send
    r = adapter.send(request, **kwargs)
  File "/Users/xiaoyang/Library/Python/3.9/lib/python/site-packages/requests/adapters.py", line 682, in send
    raise ConnectionError(err, request=request)
requests.exceptions.ConnectionError: ('Connection aborted.', ConnectionResetError(54, 'Connection reset by peer'))

The above exception was the direct cause of the following exception:

Traceback (most recent call last):
  File "/Users/xiaoyang/Desktop/TimelyAI/agents.py", line 152, in execute_strategy
    response = openai.ChatCompletion.create(
  File "/Users/xiaoyang/Library/Python/3.9/lib/python/site-packages/openai/api_resources/chat_completion.py", line 25, in create
    return super().create(*args, **kwargs)
  File "/Users/xiaoyang/Library/Python/3.9/lib/python/site-packages/openai/api_resources/abstract/engine_api_resource.py", line 153, in create
    response, _, api_key = requestor.request(
  File "/Users/xiaoyang/Library/Python/3.9/lib/python/site-packages/openai/api_requestor.py", line 288, in request
    result = self.request_raw(
  File "/Users/xiaoyang/Library/Python/3.9/lib/python/site-packages/openai/api_requestor.py", line 609, in request_raw
    raise error.APIConnectionError(
openai.error.APIConnectionError: Error communicating with OpenAI: ('Connection aborted.', ConnectionResetError(54, 'Connection reset by peer'))
2025-01-02 17:48:17,680 - __main__ - INFO - å¤„ç†å®Œæˆ - ç»“æœ: ç­–ç•¥æ‰§è¡Œå‡ºé”™
2025-01-02 17:48:17,681 - werkzeug - INFO - 127.0.0.1 - - [02/Jan/2025 17:48:17] "POST /api/schedule HTTP/1.1" 200 -
2025-01-02 17:49:33,507 - werkzeug - INFO -  * Detected change in '/Users/xiaoyang/Desktop/TimelyAI/agents.py', reloading
2025-01-02 17:49:33,570 - werkzeug - INFO -  * Restarting with stat
2025-01-02 17:49:33,962 - __main__ - INFO - åº”ç”¨å¯åŠ¨
2025-01-02 17:49:33,983 - werkzeug - WARNING -  * Debugger is active!
2025-01-02 17:49:33,988 - werkzeug - INFO -  * Debugger PIN: 653-864-938
2025-01-02 17:51:04,794 - werkzeug - INFO -  * Detected change in '/Users/xiaoyang/Desktop/TimelyAI/agents.py', reloading
2025-01-02 17:51:04,891 - werkzeug - INFO -  * Restarting with stat
2025-01-02 17:51:05,398 - __main__ - INFO - åº”ç”¨å¯åŠ¨
2025-01-02 17:51:05,428 - werkzeug - WARNING -  * Debugger is active!
2025-01-02 17:51:05,435 - werkzeug - INFO -  * Debugger PIN: 653-864-938
2025-01-02 17:51:09,058 - __main__ - INFO - è®¿é—®ä¸»é¡µ
2025-01-02 17:51:09,077 - werkzeug - INFO - 127.0.0.1 - - [02/Jan/2025 17:51:09] "GET / HTTP/1.1" 200 -
2025-01-02 17:51:17,141 - __main__ - INFO - æ”¶åˆ°æ–°è¯·æ±‚ - æ¶ˆæ¯: å®‰æ’ä¼šè®®, å‚ä¸è€…: []
2025-01-02 17:51:17,141 - agents.StrategyAgent - INFO - æ·»åŠ å¯¹è¯å†å² - user: å®‰æ’ä¼šè®®
2025-01-02 17:51:20,088 - agents.StrategyAgent - INFO - æ·»åŠ å¯¹è¯å†å² - assistant: ä½ å¸Œæœ›ä½•æ—¶ä¸¾è¡Œä¼šè®®ï¼Ÿ
2025-01-02 17:51:20,089 - __main__ - INFO - å¤„ç†å®Œæˆ - ç»“æœ: ä½ å¸Œæœ›ä½•æ—¶ä¸¾è¡Œä¼šè®®ï¼Ÿ
2025-01-02 17:51:20,089 - werkzeug - INFO - 127.0.0.1 - - [02/Jan/2025 17:51:20] "POST /api/schedule HTTP/1.1" 200 -
2025-01-02 17:51:29,793 - __main__ - INFO - æ”¶åˆ°æ–°è¯·æ±‚ - æ¶ˆæ¯: ä¸‹å‘¨äº”ä¸¤ç‚¹å§, å‚ä¸è€…: []
2025-01-02 17:51:29,793 - agents.StrategyAgent - INFO - æ·»åŠ å¯¹è¯å†å² - user: ä¸‹å‘¨äº”ä¸¤ç‚¹å§
2025-01-02 17:51:33,969 - agents.StrategyAgent - INFO - æ·»åŠ å¯¹è¯å†å² - assistant: è¯·é—®ä¼šè®®çš„è®®é¢˜å’Œå‚ä¼šäººå‘˜æ˜¯ï¼Ÿ
2025-01-02 17:51:33,969 - __main__ - INFO - å¤„ç†å®Œæˆ - ç»“æœ: è¯·é—®ä¼šè®®çš„è®®é¢˜å’Œå‚ä¼šäººå‘˜æ˜¯ï¼Ÿ
2025-01-02 17:51:33,969 - werkzeug - INFO - 127.0.0.1 - - [02/Jan/2025 17:51:33] "POST /api/schedule HTTP/1.1" 200 -
2025-01-02 17:51:53,567 - __main__ - INFO - æ”¶åˆ°æ–°è¯·æ±‚ - æ¶ˆæ¯: å¹´ç»ˆæ€»ç»“ï¼Œå¼ ä¸‰å’Œæå››, å‚ä¸è€…: []
2025-01-02 17:51:53,568 - agents.StrategyAgent - INFO - æ·»åŠ å¯¹è¯å†å² - user: å¹´ç»ˆæ€»ç»“ï¼Œå¼ ä¸‰å’Œæå››
2025-01-02 17:52:02,814 - agents.StrategyAgent - INFO - å¯¹è¯æ€»ç»“: å¥½çš„ï¼Œæˆ‘ä¼šåœ¨ä¸‹å‘¨äº”ä¸‹åˆä¸¤ç‚¹å®‰æ’ä½ ä»¬ä¸‰äººçš„å¹´ç»ˆæ€»ç»“ä¼šè®®ã€‚æˆ‘å…ˆåœ¨ä½ ä»¬çš„æ—¥å†ä¸Šæ ‡è®°ä¸€ä¸‹ï¼Œç„¶åå†å‘é€ä¸€ä¸ªæ­£å¼çš„ç”µå­é‚®ä»¶é€šçŸ¥ã€‚
2025-01-02 17:52:02,815 - agents.StrategyAgent - ERROR - ç­–ç•¥æ‰§è¡Œå‡ºé”™: Expecting value: line 1 column 1 (char 0)
2025-01-02 17:52:02,815 - __main__ - INFO - å¤„ç†å®Œæˆ - ç»“æœ: ç­–ç•¥æ‰§è¡Œå‡ºé”™
2025-01-02 17:52:02,815 - werkzeug - INFO - 127.0.0.1 - - [02/Jan/2025 17:52:02] "POST /api/schedule HTTP/1.1" 200 -
2025-01-02 17:53:41,554 - werkzeug - INFO -  * Detected change in '/Users/xiaoyang/Desktop/TimelyAI/app.py', reloading
2025-01-02 17:53:41,640 - werkzeug - INFO -  * Restarting with stat
2025-01-02 17:53:42,008 - __main__ - INFO - åº”ç”¨å¯åŠ¨
2025-01-02 17:53:42,036 - werkzeug - WARNING -  * Debugger is active!
2025-01-02 17:53:42,044 - werkzeug - INFO -  * Debugger PIN: 653-864-938
2025-01-02 17:58:15,279 - werkzeug - INFO -  * Detected change in '/Users/xiaoyang/Desktop/TimelyAI/agents.py', reloading
2025-01-02 17:58:15,362 - werkzeug - INFO -  * Restarting with stat
2025-01-02 17:58:15,677 - __main__ - INFO - åº”ç”¨å¯åŠ¨
2025-01-02 17:58:15,699 - werkzeug - WARNING -  * Debugger is active!
2025-01-02 17:58:15,721 - werkzeug - INFO -  * Debugger PIN: 653-864-938
2025-01-02 17:58:19,928 - __main__ - INFO - è®¿é—®ä¸»é¡µ
2025-01-02 17:58:19,940 - werkzeug - INFO - 127.0.0.1 - - [02/Jan/2025 17:58:19] "GET / HTTP/1.1" 200 -
2025-01-02 17:58:24,692 - __main__ - INFO - æ”¶åˆ°æ–°è¯·æ±‚ - æ¶ˆæ¯: å®‰æ’ä¼šè®®, å‚ä¸è€…: []
2025-01-02 17:58:24,692 - agents.StrategyAgent - INFO - æ·»åŠ å¯¹è¯å†å² - user: å®‰æ’ä¼šè®®
2025-01-02 17:58:24,692 - agents.StrategyAgent - INFO - æ·»åŠ å¯¹è¯å†å² - assistant: è¯·å‘Šè¯‰æˆ‘ä¼šè®®çš„æ—¶é—´ã€å‚ä¸è€…å’Œä¸»é¢˜ã€‚
2025-01-02 17:58:24,692 - __main__ - INFO - å¤„ç†å®Œæˆ - ç»“æœ: è¯·å‘Šè¯‰æˆ‘ä¼šè®®çš„æ—¶é—´ã€å‚ä¸è€…å’Œä¸»é¢˜ã€‚
2025-01-02 17:58:24,693 - werkzeug - INFO - 127.0.0.1 - - [02/Jan/2025 17:58:24] "POST /api/schedule HTTP/1.1" 200 -
2025-01-02 17:58:56,277 - __main__ - INFO - æ”¶åˆ°æ–°è¯·æ±‚ - æ¶ˆæ¯: ä¸‹å‘¨ä¸‰, å‚ä¸è€…: []
2025-01-02 17:58:56,278 - agents.StrategyAgent - INFO - æ·»åŠ å¯¹è¯å†å² - user: ä¸‹å‘¨ä¸‰
2025-01-02 17:58:56,278 - agents.StrategyAgent - ERROR - ç­–ç•¥æ‰§è¡Œå‡ºé”™: 'StrategyAgent' object has no attribute 'check_missing_info'
2025-01-02 17:58:56,278 - __main__ - INFO - å¤„ç†å®Œæˆ - ç»“æœ: ç­–ç•¥æ‰§è¡Œå‡ºé”™
2025-01-02 17:58:56,278 - werkzeug - INFO - 127.0.0.1 - - [02/Jan/2025 17:58:56] "POST /api/schedule HTTP/1.1" 200 -
2025-01-02 18:00:23,661 - werkzeug - INFO -  * Detected change in '/Users/xiaoyang/Desktop/TimelyAI/agents.py', reloading
2025-01-02 18:00:23,753 - werkzeug - INFO -  * Restarting with stat
2025-01-02 18:00:24,092 - __main__ - INFO - åº”ç”¨å¯åŠ¨
2025-01-02 18:00:24,112 - werkzeug - WARNING -  * Debugger is active!
2025-01-02 18:00:24,119 - werkzeug - INFO -  * Debugger PIN: 653-864-938
2025-01-02 18:00:27,368 - __main__ - INFO - è®¿é—®ä¸»é¡µ
2025-01-02 18:00:27,405 - werkzeug - INFO - 127.0.0.1 - - [02/Jan/2025 18:00:27] "GET / HTTP/1.1" 200 -
2025-01-02 18:00:32,322 - __main__ - INFO - æ”¶åˆ°æ–°è¯·æ±‚ - æ¶ˆæ¯: å®‰æ’ä¼šè®®, å‚ä¸è€…: []
2025-01-02 18:00:32,323 - agents.StrategyAgent - INFO - æ·»åŠ å¯¹è¯å†å² - user: å®‰æ’ä¼šè®®
2025-01-02 18:00:32,323 - agents.StrategyAgent - INFO - å½“å‰å¯¹è¯é˜¶æ®µ: initial
2025-01-02 18:00:32,323 - agents.StrategyAgent - INFO - æ·»åŠ å¯¹è¯å†å² - assistant: è¯·å‘Šè¯‰æˆ‘ä¼šè®®çš„æ—¶é—´ã€å‚ä¸è€…å’Œä¸»é¢˜ã€‚
2025-01-02 18:00:32,323 - __main__ - INFO - å¤„ç†å®Œæˆ - ç»“æœ: è¯·å‘Šè¯‰æˆ‘ä¼šè®®çš„æ—¶é—´ã€å‚ä¸è€…å’Œä¸»é¢˜ã€‚
2025-01-02 18:00:32,324 - werkzeug - INFO - 127.0.0.1 - - [02/Jan/2025 18:00:32] "POST /api/schedule HTTP/1.1" 200 -
2025-01-02 18:00:35,876 - __main__ - INFO - æ”¶åˆ°æ–°è¯·æ±‚ - æ¶ˆæ¯: ä¸‹å‘¨ä¸‰, å‚ä¸è€…: []
2025-01-02 18:00:35,877 - agents.StrategyAgent - INFO - æ·»åŠ å¯¹è¯å†å² - user: ä¸‹å‘¨ä¸‰
2025-01-02 18:00:35,877 - agents.StrategyAgent - INFO - å½“å‰å¯¹è¯é˜¶æ®µ: collecting_info
2025-01-02 18:00:38,345 - agents.StrategyAgent - INFO - ç¼ºå¤±ä¿¡æ¯: å‚ä¸è€…ã€ä¼šè®®ä¸»é¢˜æˆ–ç›®çš„
2025-01-02 18:00:38,345 - agents.StrategyAgent - INFO - æ·»åŠ å¯¹è¯å†å² - assistant: è¯·å‘Šè¯‰æˆ‘å‚ä¸è€…ã€ä¼šè®®ä¸»é¢˜æˆ–ç›®çš„
2025-01-02 18:00:38,345 - __main__ - INFO - å¤„ç†å®Œæˆ - ç»“æœ: è¯·å‘Šè¯‰æˆ‘å‚ä¸è€…ã€ä¼šè®®ä¸»é¢˜æˆ–ç›®çš„
2025-01-02 18:00:38,346 - werkzeug - INFO - 127.0.0.1 - - [02/Jan/2025 18:00:38] "POST /api/schedule HTTP/1.1" 200 -
2025-01-02 18:01:54,658 - __main__ - INFO - æ”¶åˆ°æ–°è¯·æ±‚ - æ¶ˆæ¯: å¼ ä¸‰å’Œæå››ï¼Œå¹´ç»ˆæ€»ç»“, å‚ä¸è€…: []
2025-01-02 18:01:54,659 - agents.StrategyAgent - INFO - æ·»åŠ å¯¹è¯å†å² - user: å¼ ä¸‰å’Œæå››ï¼Œå¹´ç»ˆæ€»ç»“
2025-01-02 18:01:54,659 - agents.StrategyAgent - INFO - å½“å‰å¯¹è¯é˜¶æ®µ: confirming
2025-01-02 18:01:54,659 - agents.StrategyAgent - INFO - æ·»åŠ å¯¹è¯å†å² - assistant: è¯·å‘Šè¯‰æˆ‘éœ€è¦ä¿®æ”¹çš„ä¿¡æ¯ã€‚
2025-01-02 18:01:54,659 - __main__ - INFO - å¤„ç†å®Œæˆ - ç»“æœ: è¯·å‘Šè¯‰æˆ‘éœ€è¦ä¿®æ”¹çš„ä¿¡æ¯ã€‚
2025-01-02 18:01:54,660 - werkzeug - INFO - 127.0.0.1 - - [02/Jan/2025 18:01:54] "POST /api/schedule HTTP/1.1" 200 -
2025-01-02 18:02:04,027 - __main__ - INFO - æ”¶åˆ°æ–°è¯·æ±‚ - æ¶ˆæ¯: å®‰æ’ä¸æ˜¯ä¿®æ”¹ã€‚, å‚ä¸è€…: []
2025-01-02 18:02:04,028 - agents.StrategyAgent - INFO - æ·»åŠ å¯¹è¯å†å² - user: å®‰æ’ä¸æ˜¯ä¿®æ”¹ã€‚
2025-01-02 18:02:04,028 - agents.StrategyAgent - INFO - å½“å‰å¯¹è¯é˜¶æ®µ: collecting_info
2025-01-02 18:02:11,408 - agents.StrategyAgent - ERROR - æ£€æŸ¥ä¿¡æ¯å¤±è´¥: Expecting value: line 1 column 1 (char 0)
2025-01-02 18:02:11,408 - agents.StrategyAgent - INFO - ç¼ºå¤±ä¿¡æ¯: ä¼šè®®çš„åŸºæœ¬ä¿¡æ¯
2025-01-02 18:02:11,408 - agents.StrategyAgent - INFO - æ·»åŠ å¯¹è¯å†å² - assistant: è¯·å‘Šè¯‰æˆ‘ä¼šè®®çš„åŸºæœ¬ä¿¡æ¯
2025-01-02 18:02:11,408 - __main__ - INFO - å¤„ç†å®Œæˆ - ç»“æœ: è¯·å‘Šè¯‰æˆ‘ä¼šè®®çš„åŸºæœ¬ä¿¡æ¯
2025-01-02 18:02:11,408 - werkzeug - INFO - 127.0.0.1 - - [02/Jan/2025 18:02:11] "POST /api/schedule HTTP/1.1" 200 -
2025-01-02 18:06:17,094 - werkzeug - INFO -  * Detected change in '/Users/xiaoyang/Desktop/TimelyAI/agents.py', reloading
2025-01-02 18:06:17,215 - werkzeug - INFO -  * Restarting with stat
2025-01-02 18:06:17,529 - __main__ - INFO - åº”ç”¨å¯åŠ¨
2025-01-02 18:06:17,548 - werkzeug - WARNING -  * Debugger is active!
2025-01-02 18:06:17,554 - werkzeug - INFO -  * Debugger PIN: 653-864-938
2025-01-02 18:06:48,122 - werkzeug - INFO -  * Detected change in '/Users/xiaoyang/Desktop/TimelyAI/agents.py', reloading
2025-01-02 18:06:48,223 - werkzeug - INFO -  * Restarting with stat
2025-01-02 18:06:48,579 - __main__ - INFO - åº”ç”¨å¯åŠ¨
2025-01-02 18:06:48,599 - werkzeug - WARNING -  * Debugger is active!
2025-01-02 18:06:48,610 - werkzeug - INFO -  * Debugger PIN: 653-864-938
2025-01-02 18:07:44,075 - __main__ - INFO - è®¿é—®ä¸»é¡µ
2025-01-02 18:07:44,081 - werkzeug - INFO - 127.0.0.1 - - [02/Jan/2025 18:07:44] "GET / HTTP/1.1" 200 -
2025-01-02 18:12:59,514 - werkzeug - INFO -  * Detected change in '/Users/xiaoyang/Desktop/TimelyAI/agents.py', reloading
2025-01-02 18:12:59,664 - werkzeug - INFO -  * Restarting with stat
2025-01-02 18:13:00,644 - __main__ - INFO - åº”ç”¨å¯åŠ¨
2025-01-02 18:13:00,673 - werkzeug - WARNING -  * Debugger is active!
2025-01-02 18:13:00,692 - werkzeug - INFO -  * Debugger PIN: 653-864-938
2025-01-02 18:14:56,904 - werkzeug - INFO -  * Detected change in '/Users/xiaoyang/Desktop/TimelyAI/app.py', reloading
2025-01-02 18:14:56,984 - werkzeug - INFO -  * Restarting with stat
2025-01-02 18:14:57,320 - __main__ - INFO - åº”ç”¨å¯åŠ¨
2025-01-02 18:14:57,341 - werkzeug - WARNING -  * Debugger is active!
2025-01-02 18:14:57,350 - werkzeug - INFO -  * Debugger PIN: 653-864-938
2025-01-02 18:16:18,799 - werkzeug - INFO -  * Detected change in '/Users/xiaoyang/Desktop/TimelyAI/agents.py', reloading
2025-01-02 18:16:18,855 - werkzeug - INFO -  * Restarting with stat
2025-01-02 18:16:19,150 - __main__ - INFO - åº”ç”¨å¯åŠ¨
2025-01-02 18:16:19,172 - werkzeug - WARNING -  * Debugger is active!
2025-01-02 18:16:19,177 - werkzeug - INFO -  * Debugger PIN: 653-864-938
2025-01-02 18:19:04,551 - werkzeug - INFO -  * Detected change in '/Users/xiaoyang/Desktop/TimelyAI/agents.py', reloading
2025-01-02 18:19:04,640 - werkzeug - INFO -  * Restarting with stat
2025-01-02 18:19:04,952 - __main__ - INFO - åº”ç”¨å¯åŠ¨
2025-01-02 18:19:04,974 - werkzeug - WARNING -  * Debugger is active!
2025-01-02 18:19:04,979 - werkzeug - INFO -  * Debugger PIN: 653-864-938
2025-01-02 18:23:17,276 - werkzeug - INFO -  * Detected change in '/Users/xiaoyang/Desktop/TimelyAI/agents.py', reloading
2025-01-02 18:23:17,349 - werkzeug - INFO -  * Restarting with stat
